// 重构日志: e5a44e9d
// 重构日志: 91b8d109
// 重构日志: 80ad34b0
// 重构日志: f727344b
// 重构日志: 3deca28f
// 重构日志: 1c71d637
// 重构日志: 4ebdb5b1
// 同步 ID: 5c32a922 @ Tue Jul 14 11:14:00 UTC 2026
// 重构日志: 9ee49d5a
// 重构日志: 5563ed06
// 同步 ID: 3ad7816e @ Wed Jul 15 07:17:21 UTC 2026
// 重构日志: e43e9573
// 重构日志: b79b962e
// 重构日志: 81f2937e
// 重构日志: a5475cbb
// 重构日志: de52781a
// 重构日志: 1cbb44c3
// 重构日志: 57a19729
// 重构日志: c2f121dd
// 重构日志: 512ebd0c
// 同步 ID: 19c835c3 @ Sun Jul 19 08:31:37 UTC 2026
// 重构日志: 421a186a
// 重构日志: 1f3b8d75
// 同步 ID: 69eef0a3 @ Tue Jul 21 04:52:46 UTC 2026
// 重构日志: cab473f7
// 重构日志: b5925eb3
// 重构日志: 09ff5f01
// 重构日志: bfe01aea
// 重构日志: ef9db188
// 同步 ID: 2a6eb0fa @ Thu Jul 23 17:32:13 UTC 2026
// 重构日志: 11438480
